This file contains any messages produced by compilers while
running configure, to aid debugging if configure makes a mistake.

It was created by sparsehash configure 2.0.2, which was
generated by GNU Autoconf 2.68.  Invocation command line was

  $ ./configure 

## --------- ##
## Platform. ##
## --------- ##

hostname = NHB239-LAP01UBU
uname -m = x86_64
uname -r = 5.8.0-48-generic
uname -s = Linux
uname -v = #54~20.04.1-Ubuntu SMP Sat Mar 20 13:40:25 UTC 2021

/usr/bin/uname -p = x86_64
/bin/uname -X     = unknown

/bin/arch              = x86_64
/usr/bin/arch -k       = unknown
/usr/convex/getsysinfo = unknown
/usr/bin/hostinfo      = unknown
/bin/machine           = unknown
/usr/bin/oslevel       = unknown
/bin/universe          = unknown

PATH: /home/phys3smithj/.local/bin
PATH: /usr/bin
PATH: /usr/local/sbin
PATH: /usr/local/bin
PATH: /usr/sbin
PATH: /usr/bin
PATH: /sbin
PATH: /bin
PATH: /usr/games
PATH: /usr/local/games
PATH: /snap/bin


## ----------- ##
## Core tests. ##
## ----------- ##

configure:2418: checking for a BSD-compatible install
configure:2486: result: /usr/bin/install -c
configure:2497: checking whether build environment is sane
configure:2547: result: yes
configure:2688: checking for a thread-safe mkdir -p
configure:2727: result: /usr/bin/mkdir -p
configure:2740: checking for gawk
configure:2770: result: no
configure:2740: checking for mawk
configure:2756: found /usr/bin/mawk
configure:2767: result: mawk
configure:2778: checking whether make sets $(MAKE)
configure:2800: result: yes
configure:2942: checking for g++
configure:2958: found /usr/bin/g++
configure:2969: result: g++
configure:2996: checking for C++ compiler version
configure:3005: g++ --version >&5
g++ (Ubuntu 9.3.0-17ubuntu1~20.04) 9.3.0
Copyright (C) 2019 Free Software Foundation, Inc.
This is free software; see the source for copying conditions.  There is NO
warranty; not even for MERCHANTABILITY or FITNESS FOR A PARTICULAR PURPOSE.

configure:3016: $? = 0
configure:3005: g++ -v >&5
Using built-in specs.
COLLECT_GCC=g++
COLLECT_LTO_WRAPPER=/usr/lib/gcc/x86_64-linux-gnu/9/lto-wrapper
OFFLOAD_TARGET_NAMES=nvptx-none:hsa
OFFLOAD_TARGET_DEFAULT=1
Target: x86_64-linux-gnu
Configured with: ../src/configure -v --with-pkgversion='Ubuntu 9.3.0-17ubuntu1~20.04' --with-bugurl=file:///usr/share/doc/gcc-9/README.Bugs --enable-languages=c,ada,c++,go,brig,d,fortran,objc,obj-c++,gm2 --prefix=/usr --with-gcc-major-version-only --program-suffix=-9 --program-prefix=x86_64-linux-gnu- --enable-shared --enable-linker-build-id --libexecdir=/usr/lib --without-included-gettext --enable-threads=posix --libdir=/usr/lib --enable-nls --enable-clocale=gnu --enable-libstdcxx-debug --enable-libstdcxx-time=yes --with-default-libstdcxx-abi=new --enable-gnu-unique-object --disable-vtable-verify --enable-plugin --enable-default-pie --with-system-zlib --with-target-system-zlib=auto --enable-objc-gc=auto --enable-multiarch --disable-werror --with-arch-32=i686 --with-abi=m64 --with-multilib-list=m32,m64,mx32 --enable-multilib --with-tune=generic --enable-offload-targets=nvptx-none=/build/gcc-9-HskZEa/gcc-9-9.3.0/debian/tmp-nvptx/usr,hsa --without-cuda-driver --enable-checking=release --build=x86_64-linux-gnu --host=x86_64-linux-gnu --target=x86_64-linux-gnu
Thread model: posix
gcc version 9.3.0 (Ubuntu 9.3.0-17ubuntu1~20.04) 
configure:3016: $? = 0
configure:3005: g++ -V >&5
g++: error: unrecognized command line option '-V'
g++: fatal error: no input files
compilation terminated.
configure:3016: $? = 1
configure:3005: g++ -qversion >&5
g++: error: unrecognized command line option '-qversion'; did you mean '--version'?
g++: fatal error: no input files
compilation terminated.
configure:3016: $? = 1
configure:3036: checking whether the C++ compiler works
configure:3058: g++    conftest.cpp  >&5
configure:3062: $? = 0
configure:3110: result: yes
configure:3113: checking for C++ compiler default output file name
configure:3115: result: a.out
configure:3121: checking for suffix of executables
configure:3128: g++ -o conftest    conftest.cpp  >&5
configure:3132: $? = 0
configure:3154: result: 
configure:3176: checking whether we are cross compiling
configure:3184: g++ -o conftest    conftest.cpp  >&5
configure:3188: $? = 0
configure:3195: ./conftest
configure:3199: $? = 0
configure:3187: result: no
configure:3192: checking for suffix of object files
configure:3214: g++ -c   conftest.cpp >&5
configure:3218: $? = 0
configure:3239: result: o
configure:3243: checking whether we are using the GNU C++ compiler
configure:3262: g++ -c   conftest.cpp >&5
configure:3262: $? = 0
configure:3271: result: yes
configure:3280: checking whether g++ accepts -g
configure:3300: g++ -c -g  conftest.cpp >&5
configure:3300: $? = 0
configure:3341: result: yes
configure:3375: checking for style of include used by make
configure:3403: result: GNU
configure:3428: checking dependency style of g++
configure:3538: result: gcc3
configure:3601: checking for gcc
configure:3617: found /usr/bin/gcc
configure:3628: result: gcc
configure:3857: checking for C compiler version
configure:3866: gcc --version >&5
gcc (Ubuntu 9.3.0-17ubuntu1~20.04) 9.3.0
Copyright (C) 2019 Free Software Foundation, Inc.
This is free software; see the source for copying conditions.  There is NO
warranty; not even for MERCHANTABILITY or FITNESS FOR A PARTICULAR PURPOSE.

configure:3877: $? = 0
configure:3866: gcc -v >&5
Using built-in specs.
COLLECT_GCC=gcc
COLLECT_LTO_WRAPPER=/usr/lib/gcc/x86_64-linux-gnu/9/lto-wrapper
OFFLOAD_TARGET_NAMES=nvptx-none:hsa
OFFLOAD_TARGET_DEFAULT=1
Target: x86_64-linux-gnu
Configured with: ../src/configure -v --with-pkgversion='Ubuntu 9.3.0-17ubuntu1~20.04' --with-bugurl=file:///usr/share/doc/gcc-9/README.Bugs --enable-languages=c,ada,c++,go,brig,d,fortran,objc,obj-c++,gm2 --prefix=/usr --with-gcc-major-version-only --program-suffix=-9 --program-prefix=x86_64-linux-gnu- --enable-shared --enable-linker-build-id --libexecdir=/usr/lib --without-included-gettext --enable-threads=posix --libdir=/usr/lib --enable-nls --enable-clocale=gnu --enable-libstdcxx-debug --enable-libstdcxx-time=yes --with-default-libstdcxx-abi=new --enable-gnu-unique-object --disable-vtable-verify --enable-plugin --enable-default-pie --with-system-zlib --with-target-system-zlib=auto --enable-objc-gc=auto --enable-multiarch --disable-werror --with-arch-32=i686 --with-abi=m64 --with-multilib-list=m32,m64,mx32 --enable-multilib --with-tune=generic --enable-offload-targets=nvptx-none=/build/gcc-9-HskZEa/gcc-9-9.3.0/debian/tmp-nvptx/usr,hsa --without-cuda-driver --enable-checking=release --build=x86_64-linux-gnu --host=x86_64-linux-gnu --target=x86_64-linux-gnu
Thread model: posix
gcc version 9.3.0 (Ubuntu 9.3.0-17ubuntu1~20.04) 
configure:3877: $? = 0
configure:3866: gcc -V >&5
gcc: error: unrecognized command line option '-V'
gcc: fatal error: no input files
compilation terminated.
configure:3877: $? = 1
configure:3866: gcc -qversion >&5
gcc: error: unrecognized command line option '-qversion'; did you mean '--version'?
gcc: fatal error: no input files
compilation terminated.
configure:3877: $? = 1
configure:3881: checking whether we are using the GNU C compiler
configure:3900: gcc -c   conftest.c >&5
configure:3900: $? = 0
configure:3909: result: yes
configure:3918: checking whether gcc accepts -g
configure:3938: gcc -c -g  conftest.c >&5
configure:3938: $? = 0
configure:3979: result: yes
configure:3996: checking for gcc option to accept ISO C89
configure:4060: gcc  -c -g -O2  conftest.c >&5
configure:4060: $? = 0
configure:4073: result: none needed
configure:4095: checking dependency style of gcc
configure:4205: result: gcc3
configure:4225: checking how to run the C preprocessor
configure:4256: gcc -E  conftest.c
configure:4256: $? = 0
configure:4270: gcc -E  conftest.c
conftest.c:11:10: fatal error: ac_nonexistent.h: No such file or directory
   11 | #include <ac_nonexistent.h>
      |          ^~~~~~~~~~~~~~~~~~
compilation terminated.
configure:4270: $? = 1
configure: failed program was:
| /* confdefs.h */
| #define PACKAGE_NAME "sparsehash"
| #define PACKAGE_TARNAME "sparsehash"
| #define PACKAGE_VERSION "2.0.2"
| #define PACKAGE_STRING "sparsehash 2.0.2"
| #define PACKAGE_BUGREPORT "google-sparsehash@googlegroups.com"
| #define PACKAGE_URL ""
| #define PACKAGE "sparsehash"
| #define VERSION "2.0.2"
| /* end confdefs.h.  */
| #include <ac_nonexistent.h>
configure:4295: result: gcc -E
configure:4315: gcc -E  conftest.c
configure:4315: $? = 0
configure:4329: gcc -E  conftest.c
conftest.c:11:10: fatal error: ac_nonexistent.h: No such file or directory
   11 | #include <ac_nonexistent.h>
      |          ^~~~~~~~~~~~~~~~~~
compilation terminated.
configure:4329: $? = 1
configure: failed program was:
| /* confdefs.h */
| #define PACKAGE_NAME "sparsehash"
| #define PACKAGE_TARNAME "sparsehash"
| #define PACKAGE_VERSION "2.0.2"
| #define PACKAGE_STRING "sparsehash 2.0.2"
| #define PACKAGE_BUGREPORT "google-sparsehash@googlegroups.com"
| #define PACKAGE_URL ""
| #define PACKAGE "sparsehash"
| #define VERSION "2.0.2"
| /* end confdefs.h.  */
| #include <ac_nonexistent.h>
configure:4369: checking for grep that handles long lines and -e
configure:4427: result: /usr/bin/grep
configure:4432: checking for egrep
configure:4494: result: /usr/bin/grep -E
configure:4499: checking for ANSI C header files
configure:4519: gcc -c -g -O2  conftest.c >&5
configure:4519: $? = 0
configure:4592: gcc -o conftest -g -O2   conftest.c  >&5
configure:4592: $? = 0
configure:4592: ./conftest
configure:4592: $? = 0
configure:4603: result: yes
configure:4614: checking for memcpy
configure:4614: gcc -o conftest -g -O2   conftest.c  >&5
conftest.c:35:6: warning: conflicting types for built-in function 'memcpy'; expected 'void *(void *, const void *, long unsigned int)' [-Wbuiltin-declaration-mismatch]
   35 | char memcpy ();
      |      ^~~~~~
conftest.c:23:1: note: 'memcpy' is declared in header '<string.h>'
   22 | # include <limits.h>
   23 | #else
configure:4614: $? = 0
configure:4614: result: yes
configure:4614: checking for memmove
configure:4614: gcc -o conftest -g -O2   conftest.c  >&5
conftest.c:36:6: warning: conflicting types for built-in function 'memmove'; expected 'void *(void *, const void *, long unsigned int)' [-Wbuiltin-declaration-mismatch]
   36 | char memmove ();
      |      ^~~~~~~
conftest.c:24:1: note: 'memmove' is declared in header '<string.h>'
   23 | # include <limits.h>
   24 | #else
configure:4614: $? = 0
configure:4614: result: yes
configure:4628: checking for sys/types.h
configure:4628: gcc -c -g -O2  conftest.c >&5
configure:4628: $? = 0
configure:4628: result: yes
configure:4628: checking for sys/stat.h
configure:4628: gcc -c -g -O2  conftest.c >&5
configure:4628: $? = 0
configure:4628: result: yes
configure:4628: checking for stdlib.h
configure:4628: gcc -c -g -O2  conftest.c >&5
configure:4628: $? = 0
configure:4628: result: yes
configure:4628: checking for string.h
configure:4628: gcc -c -g -O2  conftest.c >&5
configure:4628: $? = 0
configure:4628: result: yes
configure:4628: checking for memory.h
configure:4628: gcc -c -g -O2  conftest.c >&5
configure:4628: $? = 0
configure:4628: result: yes
configure:4628: checking for strings.h
configure:4628: gcc -c -g -O2  conftest.c >&5
configure:4628: $? = 0
configure:4628: result: yes
configure:4628: checking for inttypes.h
configure:4628: gcc -c -g -O2  conftest.c >&5
configure:4628: $? = 0
configure:4628: result: yes
configure:4628: checking for stdint.h
configure:4628: gcc -c -g -O2  conftest.c >&5
configure:4628: $? = 0
configure:4628: result: yes
configure:4628: checking for unistd.h
configure:4628: gcc -c -g -O2  conftest.c >&5
configure:4628: $? = 0
configure:4628: result: yes
configure:4640: checking for uint16_t
configure:4640: gcc -c -g -O2  conftest.c >&5
configure:4640: $? = 0
configure:4640: gcc -c -g -O2  conftest.c >&5
conftest.c: In function 'main':
conftest.c:59:23: error: expected expression before ')' token
   59 | if (sizeof ((uint16_t)))
      |                       ^
configure:4640: $? = 1
configure: failed program was:
| /* confdefs.h */
| #define PACKAGE_NAME "sparsehash"
| #define PACKAGE_TARNAME "sparsehash"
| #define PACKAGE_VERSION "2.0.2"
| #define PACKAGE_STRING "sparsehash 2.0.2"
| #define PACKAGE_BUGREPORT "google-sparsehash@googlegroups.com"
| #define PACKAGE_URL ""
| #define PACKAGE "sparsehash"
| #define VERSION "2.0.2"
| #define STDC_HEADERS 1
| #define HAVE_MEMCPY 1
| #define HAVE_MEMMOVE 1
| #define HAVE_SYS_TYPES_H 1
| #define HAVE_SYS_STAT_H 1
| #define HAVE_STDLIB_H 1
| #define HAVE_STRING_H 1
| #define HAVE_MEMORY_H 1
| #define HAVE_STRINGS_H 1
| #define HAVE_INTTYPES_H 1
| #define HAVE_STDINT_H 1
| #define HAVE_UNISTD_H 1
| /* end confdefs.h.  */
| #include <stdio.h>
| #ifdef HAVE_SYS_TYPES_H
| # include <sys/types.h>
| #endif
| #ifdef HAVE_SYS_STAT_H
| # include <sys/stat.h>
| #endif
| #ifdef STDC_HEADERS
| # include <stdlib.h>
| # include <stddef.h>
| #else
| # ifdef HAVE_STDLIB_H
| #  include <stdlib.h>
| # endif
| #endif
| #ifdef HAVE_STRING_H
| # if !defined STDC_HEADERS && defined HAVE_MEMORY_H
| #  include <memory.h>
| # endif
| # include <string.h>
| #endif
| #ifdef HAVE_STRINGS_H
| # include <strings.h>
| #endif
| #ifdef HAVE_INTTYPES_H
| # include <inttypes.h>
| #endif
| #ifdef HAVE_STDINT_H
| # include <stdint.h>
| #endif
| #ifdef HAVE_UNISTD_H
| # include <unistd.h>
| #endif
| int
| main ()
| {
| if (sizeof ((uint16_t)))
| 	    return 0;
|   ;
|   return 0;
| }
configure:4640: result: yes
configure:4650: checking for u_int16_t
configure:4650: gcc -c -g -O2  conftest.c >&5
configure:4650: $? = 0
configure:4650: gcc -c -g -O2  conftest.c >&5
conftest.c: In function 'main':
conftest.c:60:24: error: expected expression before ')' token
   60 | if (sizeof ((u_int16_t)))
      |                        ^
configure:4650: $? = 1
configure: failed program was:
| /* confdefs.h */
| #define PACKAGE_NAME "sparsehash"
| #define PACKAGE_TARNAME "sparsehash"
| #define PACKAGE_VERSION "2.0.2"
| #define PACKAGE_STRING "sparsehash 2.0.2"
| #define PACKAGE_BUGREPORT "google-sparsehash@googlegroups.com"
| #define PACKAGE_URL ""
| #define PACKAGE "sparsehash"
| #define VERSION "2.0.2"
| #define STDC_HEADERS 1
| #define HAVE_MEMCPY 1
| #define HAVE_MEMMOVE 1
| #define HAVE_SYS_TYPES_H 1
| #define HAVE_SYS_STAT_H 1
| #define HAVE_STDLIB_H 1
| #define HAVE_STRING_H 1
| #define HAVE_MEMORY_H 1
| #define HAVE_STRINGS_H 1
| #define HAVE_INTTYPES_H 1
| #define HAVE_STDINT_H 1
| #define HAVE_UNISTD_H 1
| #define HAVE_UINT16_T 1
| /* end confdefs.h.  */
| #include <stdio.h>
| #ifdef HAVE_SYS_TYPES_H
| # include <sys/types.h>
| #endif
| #ifdef HAVE_SYS_STAT_H
| # include <sys/stat.h>
| #endif
| #ifdef STDC_HEADERS
| # include <stdlib.h>
| # include <stddef.h>
| #else
| # ifdef HAVE_STDLIB_H
| #  include <stdlib.h>
| # endif
| #endif
| #ifdef HAVE_STRING_H
| # if !defined STDC_HEADERS && defined HAVE_MEMORY_H
| #  include <memory.h>
| # endif
| # include <string.h>
| #endif
| #ifdef HAVE_STRINGS_H
| # include <strings.h>
| #endif
| #ifdef HAVE_INTTYPES_H
| # include <inttypes.h>
| #endif
| #ifdef HAVE_STDINT_H
| # include <stdint.h>
| #endif
| #ifdef HAVE_UNISTD_H
| # include <unistd.h>
| #endif
| int
| main ()
| {
| if (sizeof ((u_int16_t)))
| 	    return 0;
|   ;
|   return 0;
| }
configure:4650: result: yes
configure:4660: checking for __uint16
configure:4660: gcc -c -g -O2  conftest.c >&5
conftest.c: In function 'main':
conftest.c:61:13: error: '__uint16' undeclared (first use in this function); did you mean '__uint16_t'?
   61 | if (sizeof (__uint16))
      |             ^~~~~~~~
      |             __uint16_t
conftest.c:61:13: note: each undeclared identifier is reported only once for each function it appears in
configure:4660: $? = 1
configure: failed program was:
| /* confdefs.h */
| #define PACKAGE_NAME "sparsehash"
| #define PACKAGE_TARNAME "sparsehash"
| #define PACKAGE_VERSION "2.0.2"
| #define PACKAGE_STRING "sparsehash 2.0.2"
| #define PACKAGE_BUGREPORT "google-sparsehash@googlegroups.com"
| #define PACKAGE_URL ""
| #define PACKAGE "sparsehash"
| #define VERSION "2.0.2"
| #define STDC_HEADERS 1
| #define HAVE_MEMCPY 1
| #define HAVE_MEMMOVE 1
| #define HAVE_SYS_TYPES_H 1
| #define HAVE_SYS_STAT_H 1
| #define HAVE_STDLIB_H 1
| #define HAVE_STRING_H 1
| #define HAVE_MEMORY_H 1
| #define HAVE_STRINGS_H 1
| #define HAVE_INTTYPES_H 1
| #define HAVE_STDINT_H 1
| #define HAVE_UNISTD_H 1
| #define HAVE_UINT16_T 1
| #define HAVE_U_INT16_T 1
| /* end confdefs.h.  */
| #include <stdio.h>
| #ifdef HAVE_SYS_TYPES_H
| # include <sys/types.h>
| #endif
| #ifdef HAVE_SYS_STAT_H
| # include <sys/stat.h>
| #endif
| #ifdef STDC_HEADERS
| # include <stdlib.h>
| # include <stddef.h>
| #else
| # ifdef HAVE_STDLIB_H
| #  include <stdlib.h>
| # endif
| #endif
| #ifdef HAVE_STRING_H
| # if !defined STDC_HEADERS && defined HAVE_MEMORY_H
| #  include <memory.h>
| # endif
| # include <string.h>
| #endif
| #ifdef HAVE_STRINGS_H
| # include <strings.h>
| #endif
| #ifdef HAVE_INTTYPES_H
| # include <inttypes.h>
| #endif
| #ifdef HAVE_STDINT_H
| # include <stdint.h>
| #endif
| #ifdef HAVE_UNISTD_H
| # include <unistd.h>
| #endif
| int
| main ()
| {
| if (sizeof (__uint16))
| 	 return 0;
|   ;
|   return 0;
| }
configure:4660: result: no
configure:4670: checking for long long
configure:4670: gcc -c -g -O2  conftest.c >&5
configure:4670: $? = 0
configure:4670: gcc -c -g -O2  conftest.c >&5
conftest.c: In function 'main':
conftest.c:61:24: error: expected expression before ')' token
   61 | if (sizeof ((long long)))
      |                        ^
configure:4670: $? = 1
configure: failed program was:
| /* confdefs.h */
| #define PACKAGE_NAME "sparsehash"
| #define PACKAGE_TARNAME "sparsehash"
| #define PACKAGE_VERSION "2.0.2"
| #define PACKAGE_STRING "sparsehash 2.0.2"
| #define PACKAGE_BUGREPORT "google-sparsehash@googlegroups.com"
| #define PACKAGE_URL ""
| #define PACKAGE "sparsehash"
| #define VERSION "2.0.2"
| #define STDC_HEADERS 1
| #define HAVE_MEMCPY 1
| #define HAVE_MEMMOVE 1
| #define HAVE_SYS_TYPES_H 1
| #define HAVE_SYS_STAT_H 1
| #define HAVE_STDLIB_H 1
| #define HAVE_STRING_H 1
| #define HAVE_MEMORY_H 1
| #define HAVE_STRINGS_H 1
| #define HAVE_INTTYPES_H 1
| #define HAVE_STDINT_H 1
| #define HAVE_UNISTD_H 1
| #define HAVE_UINT16_T 1
| #define HAVE_U_INT16_T 1
| /* end confdefs.h.  */
| #include <stdio.h>
| #ifdef HAVE_SYS_TYPES_H
| # include <sys/types.h>
| #endif
| #ifdef HAVE_SYS_STAT_H
| # include <sys/stat.h>
| #endif
| #ifdef STDC_HEADERS
| # include <stdlib.h>
| # include <stddef.h>
| #else
| # ifdef HAVE_STDLIB_H
| #  include <stdlib.h>
| # endif
| #endif
| #ifdef HAVE_STRING_H
| # if !defined STDC_HEADERS && defined HAVE_MEMORY_H
| #  include <memory.h>
| # endif
| # include <string.h>
| #endif
| #ifdef HAVE_STRINGS_H
| # include <strings.h>
| #endif
| #ifdef HAVE_INTTYPES_H
| # include <inttypes.h>
| #endif
| #ifdef HAVE_STDINT_H
| # include <stdint.h>
| #endif
| #ifdef HAVE_UNISTD_H
| # include <unistd.h>
| #endif
| int
| main ()
| {
| if (sizeof ((long long)))
| 	    return 0;
|   ;
|   return 0;
| }
configure:4670: result: yes
configure:4685: checking sys/resource.h usability
configure:4685: gcc -c -g -O2  conftest.c >&5
configure:4685: $? = 0
configure:4685: result: yes
configure:4685: checking sys/resource.h presence
configure:4685: gcc -E  conftest.c
configure:4685: $? = 0
configure:4685: result: yes
configure:4685: checking for sys/resource.h
configure:4685: result: yes
configure:4685: checking for unistd.h
configure:4685: result: yes
configure:4685: checking sys/time.h usability
configure:4685: gcc -c -g -O2  conftest.c >&5
configure:4685: $? = 0
configure:4685: result: yes
configure:4685: checking sys/time.h presence
configure:4685: gcc -E  conftest.c
configure:4685: $? = 0
configure:4685: result: yes
configure:4685: checking for sys/time.h
configure:4685: result: yes
configure:4685: checking sys/utsname.h usability
configure:4685: gcc -c -g -O2  conftest.c >&5
configure:4685: $? = 0
configure:4685: result: yes
configure:4685: checking sys/utsname.h presence
configure:4685: gcc -E  conftest.c
configure:4685: $? = 0
configure:4685: result: yes
configure:4685: checking for sys/utsname.h
configure:4685: result: yes
configure:4711: checking how to run the C++ preprocessor
configure:4738: g++ -E  conftest.cpp
configure:4738: $? = 0
configure:4752: g++ -E  conftest.cpp
conftest.cpp:30:10: fatal error: ac_nonexistent.h: No such file or directory
   30 | #include <ac_nonexistent.h>
      |          ^~~~~~~~~~~~~~~~~~
compilation terminated.
configure:4752: $? = 1
configure: failed program was:
| /* confdefs.h */
| #define PACKAGE_NAME "sparsehash"
| #define PACKAGE_TARNAME "sparsehash"
| #define PACKAGE_VERSION "2.0.2"
| #define PACKAGE_STRING "sparsehash 2.0.2"
| #define PACKAGE_BUGREPORT "google-sparsehash@googlegroups.com"
| #define PACKAGE_URL ""
| #define PACKAGE "sparsehash"
| #define VERSION "2.0.2"
| #define STDC_HEADERS 1
| #define HAVE_MEMCPY 1
| #define HAVE_MEMMOVE 1
| #define HAVE_SYS_TYPES_H 1
| #define HAVE_SYS_STAT_H 1
| #define HAVE_STDLIB_H 1
| #define HAVE_STRING_H 1
| #define HAVE_MEMORY_H 1
| #define HAVE_STRINGS_H 1
| #define HAVE_INTTYPES_H 1
| #define HAVE_STDINT_H 1
| #define HAVE_UNISTD_H 1
| #define HAVE_UINT16_T 1
| #define HAVE_U_INT16_T 1
| #define HAVE_LONG_LONG 1
| #define HAVE_SYS_RESOURCE_H 1
| #define HAVE_UNISTD_H 1
| #define HAVE_SYS_TIME_H 1
| #define HAVE_SYS_UTSNAME_H 1
| /* end confdefs.h.  */
| #include <ac_nonexistent.h>
configure:4777: result: g++ -E
configure:4797: g++ -E  conftest.cpp
configure:4797: $? = 0
configure:4811: g++ -E  conftest.cpp
conftest.cpp:30:10: fatal error: ac_nonexistent.h: No such file or directory
   30 | #include <ac_nonexistent.h>
      |          ^~~~~~~~~~~~~~~~~~
compilation terminated.
configure:4811: $? = 1
configure: failed program was:
| /* confdefs.h */
| #define PACKAGE_NAME "sparsehash"
| #define PACKAGE_TARNAME "sparsehash"
| #define PACKAGE_VERSION "2.0.2"
| #define PACKAGE_STRING "sparsehash 2.0.2"
| #define PACKAGE_BUGREPORT "google-sparsehash@googlegroups.com"
| #define PACKAGE_URL ""
| #define PACKAGE "sparsehash"
| #define VERSION "2.0.2"
| #define STDC_HEADERS 1
| #define HAVE_MEMCPY 1
| #define HAVE_MEMMOVE 1
| #define HAVE_SYS_TYPES_H 1
| #define HAVE_SYS_STAT_H 1
| #define HAVE_STDLIB_H 1
| #define HAVE_STRING_H 1
| #define HAVE_MEMORY_H 1
| #define HAVE_STRINGS_H 1
| #define HAVE_INTTYPES_H 1
| #define HAVE_STDINT_H 1
| #define HAVE_UNISTD_H 1
| #define HAVE_UINT16_T 1
| #define HAVE_U_INT16_T 1
| #define HAVE_LONG_LONG 1
| #define HAVE_SYS_RESOURCE_H 1
| #define HAVE_UNISTD_H 1
| #define HAVE_SYS_TIME_H 1
| #define HAVE_SYS_UTSNAME_H 1
| /* end confdefs.h.  */
| #include <ac_nonexistent.h>
configure:4842: checking google/malloc_extension.h usability
configure:4842: g++ -c -g -O2  conftest.cpp >&5
conftest.cpp:63:10: fatal error: google/malloc_extension.h: No such file or directory
   63 | #include <google/malloc_extension.h>
      |          ^~~~~~~~~~~~~~~~~~~~~~~~~~~
compilation terminated.
configure:4842: $? = 1
configure: failed program was:
| /* confdefs.h */
| #define PACKAGE_NAME "sparsehash"
| #define PACKAGE_TARNAME "sparsehash"
| #define PACKAGE_VERSION "2.0.2"
| #define PACKAGE_STRING "sparsehash 2.0.2"
| #define PACKAGE_BUGREPORT "google-sparsehash@googlegroups.com"
| #define PACKAGE_URL ""
| #define PACKAGE "sparsehash"
| #define VERSION "2.0.2"
| #define STDC_HEADERS 1
| #define HAVE_MEMCPY 1
| #define HAVE_MEMMOVE 1
| #define HAVE_SYS_TYPES_H 1
| #define HAVE_SYS_STAT_H 1
| #define HAVE_STDLIB_H 1
| #define HAVE_STRING_H 1
| #define HAVE_MEMORY_H 1
| #define HAVE_STRINGS_H 1
| #define HAVE_INTTYPES_H 1
| #define HAVE_STDINT_H 1
| #define HAVE_UNISTD_H 1
| #define HAVE_UINT16_T 1
| #define HAVE_U_INT16_T 1
| #define HAVE_LONG_LONG 1
| #define HAVE_SYS_RESOURCE_H 1
| #define HAVE_UNISTD_H 1
| #define HAVE_SYS_TIME_H 1
| #define HAVE_SYS_UTSNAME_H 1
| /* end confdefs.h.  */
| #include <stdio.h>
| #ifdef HAVE_SYS_TYPES_H
| # include <sys/types.h>
| #endif
| #ifdef HAVE_SYS_STAT_H
| # include <sys/stat.h>
| #endif
| #ifdef STDC_HEADERS
| # include <stdlib.h>
| # include <stddef.h>
| #else
| # ifdef HAVE_STDLIB_H
| #  include <stdlib.h>
| # endif
| #endif
| #ifdef HAVE_STRING_H
| # if !defined STDC_HEADERS && defined HAVE_MEMORY_H
| #  include <memory.h>
| # endif
| # include <string.h>
| #endif
| #ifdef HAVE_STRINGS_H
| # include <strings.h>
| #endif
| #ifdef HAVE_INTTYPES_H
| # include <inttypes.h>
| #endif
| #ifdef HAVE_STDINT_H
| # include <stdint.h>
| #endif
| #ifdef HAVE_UNISTD_H
| # include <unistd.h>
| #endif
| #include <google/malloc_extension.h>
configure:4842: result: no
configure:4842: checking google/malloc_extension.h presence
configure:4842: g++ -E  conftest.cpp
conftest.cpp:30:10: fatal error: google/malloc_extension.h: No such file or directory
   30 | #include <google/malloc_extension.h>
      |          ^~~~~~~~~~~~~~~~~~~~~~~~~~~
compilation terminated.
configure:4842: $? = 1
configure: failed program was:
| /* confdefs.h */
| #define PACKAGE_NAME "sparsehash"
| #define PACKAGE_TARNAME "sparsehash"
| #define PACKAGE_VERSION "2.0.2"
| #define PACKAGE_STRING "sparsehash 2.0.2"
| #define PACKAGE_BUGREPORT "google-sparsehash@googlegroups.com"
| #define PACKAGE_URL ""
| #define PACKAGE "sparsehash"
| #define VERSION "2.0.2"
| #define STDC_HEADERS 1
| #define HAVE_MEMCPY 1
| #define HAVE_MEMMOVE 1
| #define HAVE_SYS_TYPES_H 1
| #define HAVE_SYS_STAT_H 1
| #define HAVE_STDLIB_H 1
| #define HAVE_STRING_H 1
| #define HAVE_MEMORY_H 1
| #define HAVE_STRINGS_H 1
| #define HAVE_INTTYPES_H 1
| #define HAVE_STDINT_H 1
| #define HAVE_UNISTD_H 1
| #define HAVE_UINT16_T 1
| #define HAVE_U_INT16_T 1
| #define HAVE_LONG_LONG 1
| #define HAVE_SYS_RESOURCE_H 1
| #define HAVE_UNISTD_H 1
| #define HAVE_SYS_TIME_H 1
| #define HAVE_SYS_UTSNAME_H 1
| /* end confdefs.h.  */
| #include <google/malloc_extension.h>
configure:4842: result: no
configure:4842: checking for google/malloc_extension.h
configure:4842: result: no
configure:5530: checking whether the compiler implements namespaces
configure:5554: g++ -c -g -O2  conftest.cpp >&5
configure:5554: $? = 0
configure:5567: result: yes
configure:5575: checking the location of hash_map
configure:5601: g++ -c -g -O2  conftest.cpp >&5
configure:5601: $? = 0
configure:5623: g++ -c -g -O2  conftest.cpp >&5
configure:5623: $? = 0
configure:5684: result: <unordered_map>
configure:5694: checking how to include hash_fun directly
configure:5720: g++ -c -g -O2  conftest.cpp >&5
configure:5720: $? = 0
configure:5742: result: <functional>
configure:5934: creating ./config.status

## ---------------------- ##
## Running config.status. ##
## ---------------------- ##

This file was extended by sparsehash config.status 2.0.2, which was
generated by GNU Autoconf 2.68.  Invocation command line was

  CONFIG_FILES    = 
  CONFIG_HEADERS  = 
  CONFIG_LINKS    = 
  CONFIG_COMMANDS = 
  $ ./config.status 

on NHB239-LAP01UBU

config.status:901: creating Makefile
config.status:901: creating src/config.h
config.status:1130: executing depfiles commands

## ---------------- ##
## Cache variables. ##
## ---------------- ##

ac_cv_c_compiler_gnu=yes
ac_cv_cxx_compiler_gnu=yes
ac_cv_cxx_hash_map='<unordered_map>'
ac_cv_cxx_hash_namespace=std
ac_cv_cxx_hash_set='<unordered_set>'
ac_cv_cxx_have_unordered_map=yes
ac_cv_cxx_namespaces=yes
ac_cv_cxx_stl_hash_fun='<functional>'
ac_cv_env_CCC_set=
ac_cv_env_CCC_value=
ac_cv_env_CC_set=
ac_cv_env_CC_value=
ac_cv_env_CFLAGS_set=
ac_cv_env_CFLAGS_value=
ac_cv_env_CPPFLAGS_set=
ac_cv_env_CPPFLAGS_value=
ac_cv_env_CPP_set=
ac_cv_env_CPP_value=
ac_cv_env_CXXCPP_set=
ac_cv_env_CXXCPP_value=
ac_cv_env_CXXFLAGS_set=
ac_cv_env_CXXFLAGS_value=
ac_cv_env_CXX_set=
ac_cv_env_CXX_value=
ac_cv_env_LDFLAGS_set=
ac_cv_env_LDFLAGS_value=
ac_cv_env_LIBS_set=
ac_cv_env_LIBS_value=
ac_cv_env_build_alias_set=
ac_cv_env_build_alias_value=
ac_cv_env_host_alias_set=
ac_cv_env_host_alias_value=
ac_cv_env_target_alias_set=
ac_cv_env_target_alias_value=
ac_cv_func_memcpy=yes
ac_cv_func_memmove=yes
ac_cv_header_google_malloc_extension_h=no
ac_cv_header_inttypes_h=yes
ac_cv_header_memory_h=yes
ac_cv_header_stdc=yes
ac_cv_header_stdint_h=yes
ac_cv_header_stdlib_h=yes
ac_cv_header_string_h=yes
ac_cv_header_strings_h=yes
ac_cv_header_sys_resource_h=yes
ac_cv_header_sys_stat_h=yes
ac_cv_header_sys_time_h=yes
ac_cv_header_sys_types_h=yes
ac_cv_header_sys_utsname_h=yes
ac_cv_header_unistd_h=yes
ac_cv_objext=o
ac_cv_path_EGREP='/usr/bin/grep -E'
ac_cv_path_GREP=/usr/bin/grep
ac_cv_path_install='/usr/bin/install -c'
ac_cv_path_mkdir=/usr/bin/mkdir
ac_cv_prog_AWK=mawk
ac_cv_prog_CPP='gcc -E'
ac_cv_prog_CXXCPP='g++ -E'
ac_cv_prog_ac_ct_CC=gcc
ac_cv_prog_ac_ct_CXX=g++
ac_cv_prog_cc_c89=
ac_cv_prog_cc_g=yes
ac_cv_prog_cxx_g=yes
ac_cv_prog_make_make_set=yes
ac_cv_type___uint16=no
ac_cv_type_long_long=yes
ac_cv_type_u_int16_t=yes
ac_cv_type_uint16_t=yes
am_cv_CC_dependencies_compiler_type=gcc3
am_cv_CXX_dependencies_compiler_type=gcc3

## ----------------- ##
## Output variables. ##
## ----------------- ##

ACLOCAL='${SHELL} /home/phys3smithj/Documents/software/flagser-count/sparsehash/missing --run aclocal-1.11'
AMDEPBACKSLASH='\'
AMDEP_FALSE='#'
AMDEP_TRUE=''
AMTAR='${SHELL} /home/phys3smithj/Documents/software/flagser-count/sparsehash/missing --run tar'
AUTOCONF='${SHELL} /home/phys3smithj/Documents/software/flagser-count/sparsehash/missing --run autoconf'
AUTOHEADER='${SHELL} /home/phys3smithj/Documents/software/flagser-count/sparsehash/missing --run autoheader'
AUTOMAKE='${SHELL} /home/phys3smithj/Documents/software/flagser-count/sparsehash/missing --run automake-1.11'
AWK='mawk'
CC='gcc'
CCDEPMODE='depmode=gcc3'
CFLAGS='-g -O2'
CPP='gcc -E'
CPPFLAGS=''
CXX='g++'
CXXCPP='g++ -E'
CXXDEPMODE='depmode=gcc3'
CXXFLAGS='-g -O2'
CYGPATH_W='echo'
DEFS='-DHAVE_CONFIG_H'
DEPDIR='.deps'
ECHO_C=''
ECHO_N='-n'
ECHO_T=''
EGREP='/usr/bin/grep -E'
EXEEXT=''
GCC_FALSE='#'
GCC_TRUE=''
GREP='/usr/bin/grep'
INSTALL_DATA='${INSTALL} -m 644'
INSTALL_PROGRAM='${INSTALL}'
INSTALL_SCRIPT='${INSTALL}'
INSTALL_STRIP_PROGRAM='$(install_sh) -c -s'
LDFLAGS=''
LIBOBJS=''
LIBS=''
LTLIBOBJS=''
MAKEINFO='${SHELL} /home/phys3smithj/Documents/software/flagser-count/sparsehash/missing --run makeinfo'
MKDIR_P='/usr/bin/mkdir -p'
OBJEXT='o'
PACKAGE='sparsehash'
PACKAGE_BUGREPORT='google-sparsehash@googlegroups.com'
PACKAGE_NAME='sparsehash'
PACKAGE_STRING='sparsehash 2.0.2'
PACKAGE_TARNAME='sparsehash'
PACKAGE_URL=''
PACKAGE_VERSION='2.0.2'
PATH_SEPARATOR=':'
PTHREAD_CC=''
PTHREAD_CFLAGS=''
PTHREAD_LIBS=''
SET_MAKE=''
SHELL='/bin/bash'
STRIP=''
VERSION='2.0.2'
ac_ct_CC='gcc'
ac_ct_CXX='g++'
acx_pthread_config=''
am__EXEEXT_FALSE=''
am__EXEEXT_TRUE='#'
am__fastdepCC_FALSE='#'
am__fastdepCC_TRUE=''
am__fastdepCXX_FALSE='#'
am__fastdepCXX_TRUE=''
am__include='include'
am__isrc=''
am__leading_dot='.'
am__quote=''
am__tar='${AMTAR} chof - "$$tardir"'
am__untar='${AMTAR} xf -'
bindir='${exec_prefix}/bin'
build=''
build_alias=''
build_cpu=''
build_os=''
build_vendor=''
datadir='${datarootdir}'
datarootdir='${prefix}/share'
docdir='${datarootdir}/doc/${PACKAGE_TARNAME}'
dvidir='${docdir}'
exec_prefix='${prefix}'
host=''
host_alias=''
host_cpu=''
host_os=''
host_vendor=''
htmldir='${docdir}'
includedir='${prefix}/include'
infodir='${datarootdir}/info'
install_sh='${SHELL} /home/phys3smithj/Documents/software/flagser-count/sparsehash/install-sh'
libdir='${exec_prefix}/lib'
libexecdir='${exec_prefix}/libexec'
localedir='${datarootdir}/locale'
localstatedir='${prefix}/var'
mandir='${datarootdir}/man'
mkdir_p='/usr/bin/mkdir -p'
oldincludedir='/usr/include'
pdfdir='${docdir}'
prefix='/usr/local'
program_transform_name='s,x,x,'
psdir='${docdir}'
sbindir='${exec_prefix}/sbin'
sharedstatedir='${prefix}/com'
sysconfdir='${prefix}/etc'
target_alias=''
tcmalloc_flags=''
tcmalloc_libs=''

## ----------- ##
## confdefs.h. ##
## ----------- ##

/* confdefs.h */
#define PACKAGE_NAME "sparsehash"
#define PACKAGE_TARNAME "sparsehash"
#define PACKAGE_VERSION "2.0.2"
#define PACKAGE_STRING "sparsehash 2.0.2"
#define PACKAGE_BUGREPORT "google-sparsehash@googlegroups.com"
#define PACKAGE_URL ""
#define PACKAGE "sparsehash"
#define VERSION "2.0.2"
#define STDC_HEADERS 1
#define HAVE_MEMCPY 1
#define HAVE_MEMMOVE 1
#define HAVE_SYS_TYPES_H 1
#define HAVE_SYS_STAT_H 1
#define HAVE_STDLIB_H 1
#define HAVE_STRING_H 1
#define HAVE_MEMORY_H 1
#define HAVE_STRINGS_H 1
#define HAVE_INTTYPES_H 1
#define HAVE_STDINT_H 1
#define HAVE_UNISTD_H 1
#define HAVE_UINT16_T 1
#define HAVE_U_INT16_T 1
#define HAVE_LONG_LONG 1
#define HAVE_SYS_RESOURCE_H 1
#define HAVE_UNISTD_H 1
#define HAVE_SYS_TIME_H 1
#define HAVE_SYS_UTSNAME_H 1
#define HAVE_NAMESPACES 1
#define HAVE_HASH_MAP 1
#define HAVE_HASH_SET 1
#define HASH_MAP_H <unordered_map>
#define HASH_SET_H <unordered_set>
#define HASH_NAMESPACE std
#define HAVE_UNORDERED_MAP 1
#define HASH_FUN_H <functional>
#define HASH_NAMESPACE std
#define GOOGLE_NAMESPACE ::google
#define _START_GOOGLE_NAMESPACE_ namespace google {
#define _END_GOOGLE_NAMESPACE_ }
#define SPARSEHASH_HASH_NO_NAMESPACE hash
#define SPARSEHASH_HASH HASH_NAMESPACE::hash

configure: exit 0
